[debug] [2026-06-09T12:33:48.190Z] ----------------------------------------------------------------------
[debug] [2026-06-09T12:33:48.191Z] Command:       /usr/local/bin/node /usr/local/bin/firebase deploy
[debug] [2026-06-09T12:33:48.191Z] CLI Version:   15.6.0
[debug] [2026-06-09T12:33:48.191Z] Platform:      darwin
[debug] [2026-06-09T12:33:48.191Z] Node Version:  v22.18.0
[debug] [2026-06-09T12:33:48.191Z] Time:          Tue Jun 09 2026 16:33:48 GMT+0400 (Réunion Time)
[debug] [2026-06-09T12:33:48.191Z] ----------------------------------------------------------------------
[debug] 
[debug] [2026-06-09T12:33:48.760Z] > command requires scopes: ["email","openid","https://www.googleapis.com/auth/cloudplatformprojects.readonly","https://www.googleapis.com/auth/firebase","https://www.googleapis.com/auth/cloud-platform"]
[debug] [2026-06-09T12:33:48.760Z] > authorizing via signed-in user (n.chateau.pro@gmail.com)
[debug] [2026-06-09T12:33:48.760Z] [iam] checking project creappi-digiharmony-dev for permissions ["firebase.projects.get","firebasehosting.sites.update"]
[debug] [2026-06-09T12:33:48.761Z] Checked if tokens are valid: true, expires at: 1781010107289
[debug] [2026-06-09T12:33:48.761Z] Checked if tokens are valid: true, expires at: 1781010107289
[debug] [2026-06-09T12:33:48.761Z] >>> [apiv2][query] POST https://cloudresourcemanager.googleapis.com/v1/projects/creappi-digiharmony-dev:testIamPermissions [none]
[debug] [2026-06-09T12:33:48.761Z] >>> [apiv2][(partial)header] POST https://cloudresourcemanager.googleapis.com/v1/projects/creappi-digiharmony-dev:testIamPermissions  x-goog-user-project=creappi-digiharmony-dev
[debug] [2026-06-09T12:33:48.761Z] >>> [apiv2][body] POST https://cloudresourcemanager.googleapis.com/v1/projects/creappi-digiharmony-dev:testIamPermissions {"permissions":["firebase.projects.get","firebasehosting.sites.update"]}
[debug] [2026-06-09T12:33:49.573Z] <<< [apiv2][status] POST https://cloudresourcemanager.googleapis.com/v1/projects/creappi-digiharmony-dev:testIamPermissions 400
[debug] [2026-06-09T12:33:49.573Z] <<< [apiv2][body] POST https://cloudresourcemanager.googleapis.com/v1/projects/creappi-digiharmony-dev:testIamPermissions {"error":{"code":400,"message":"Project 'projects/creappi-digiharmony-dev' not found or deleted.","status":"INVALID_ARGUMENT","details":[{"@type":"type.googleapis.com/google.rpc.ErrorInfo","reason":"USER_PROJECT_DENIED","domain":"googleapis.com","metadata":{"containerInfo":"projects/creappi-digiharmony-dev","service":"cloudresourcemanager.googleapis.com","consumer":"projects/creappi-digiharmony-dev"}}]}}
[debug] [2026-06-09T12:33:49.573Z] [iam] error while checking permissions, command may fail: Request to https://cloudresourcemanager.googleapis.com/v1/projects/creappi-digiharmony-dev:testIamPermissions had HTTP Error: 400, Project 'projects/creappi-digiharmony-dev' not found or deleted.
[debug] [2026-06-09T12:33:49.574Z] Checked if tokens are valid: true, expires at: 1781010107289
[debug] [2026-06-09T12:33:49.574Z] Checked if tokens are valid: true, expires at: 1781010107289
[debug] [2026-06-09T12:33:49.574Z] >>> [apiv2][query] GET https://firebase.googleapis.com/v1beta1/projects/creappi-digiharmony-dev [none]
[debug] [2026-06-09T12:33:50.379Z] <<< [apiv2][status] GET https://firebase.googleapis.com/v1beta1/projects/creappi-digiharmony-dev 403
[debug] [2026-06-09T12:33:50.379Z] <<< [apiv2][body] GET https://firebase.googleapis.com/v1beta1/projects/creappi-digiharmony-dev {"error":{"code":403,"message":"The caller does not have permission","status":"PERMISSION_DENIED"}}
[debug] [2026-06-09T12:33:50.380Z] Request to https://firebase.googleapis.com/v1beta1/projects/creappi-digiharmony-dev had HTTP Error: 403, The caller does not have permission
[debug] [2026-06-09T12:33:50.929Z] FirebaseError: Request to https://firebase.googleapis.com/v1beta1/projects/creappi-digiharmony-dev had HTTP Error: 403, The caller does not have permission
    at responseToError (/usr/local/lib/node_modules/firebase-tools/lib/responseToError.js:53:12)
    at RetryOperation._fn (/usr/local/lib/node_modules/firebase-tools/lib/apiv2.js:330:77)
    at process.processTicksAndRejections (node:internal/process/task_queues:105:5)
[error] 
[error] Error: Failed to get Firebase project creappi-digiharmony-dev. Please make sure the project exists and your account has permission to access it.
